<?xml version="1.0" encoding="UTF-8"?>
<testng-results total="1" passed="1" failed="0" skipped="0">
  <reporter-output>
    <line>
      <![CDATA[Hi!]]>
    </line>
  </reporter-output>
  <suite started-at="2022-12-20T09:15:03Z" name="Default suite" finished-at="2022-12-20T09:15:03Z" duration-ms="48">
    <groups>
    </groups>
    <test started-at="2022-12-20T09:15:03Z" name="Default test" finished-at="2022-12-20T09:15:03Z" duration-ms="48">
      <class name="com.jenkin.cicd.JenkinFirst">
        <test-method signature="method1()[pri:0, instance:com.jenkin.cicd.JenkinFirst@2d6c53fc]" started-at="2022-12-20T14:45:03Z" name="method1" finished-at="2022-12-20T14:45:03Z" duration-ms="22" status="PASS">
          <reporter-output>
            <line>
              <![CDATA[Hi!]]>
            </line>
          </reporter-output>
        </test-method> <!-- method1 -->
      </class> <!-- com.jenkin.cicd.JenkinFirst -->
    </test> <!-- Default test -->
  </suite> <!-- Default suite -->
</testng-results>
