<?xml version="1.0" encoding="UTF-8"?>
<testng-results total="1" passed="1" failed="0" skipped="0">
  <reporter-output>
    <line>
      <![CDATA[Hi1]]>
    </line>
  </reporter-output>
  <suite started-at="2022-12-21T06:03:46Z" name="Default suite" finished-at="2022-12-21T06:03:46Z" duration-ms="21">
    <groups>
      <group name="Smoke">
        <method signature="JenkinFirstTest.method1()[pri:0, instance:com.jenkin.cicd.JenkinFirstTest@7fbdb894]" name="method1" class="com.jenkin.cicd.JenkinFirstTest"/>
      </group> <!-- Smoke -->
    </groups>
    <test started-at="2022-12-21T06:03:46Z" name="Default test" finished-at="2022-12-21T06:03:46Z" duration-ms="21">
      <class name="com.jenkin.cicd.JenkinFirstTest">
        <test-method signature="method1()[pri:0, instance:com.jenkin.cicd.JenkinFirstTest@7fbdb894]" started-at="2022-12-21T11:33:46Z" name="method1" finished-at="2022-12-21T11:33:46Z" duration-ms="9" status="PASS">
          <reporter-output>
            <line>
              <![CDATA[Hi1]]>
            </line>
          </reporter-output>
        </test-method> <!-- method1 -->
      </class> <!-- com.jenkin.cicd.JenkinFirstTest -->
    </test> <!-- Default test -->
  </suite> <!-- Default suite -->
</testng-results>
